#
# There is insufficient memory for the Java Runtime Environment to continue.
# Native memory allocation (malloc) failed to allocate 32744 bytes for ChunkPool::allocate
# Possible reasons:
#   The system is out of physical RAM or swap space
#   The process is running with CompressedOops enabled, and the Java Heap may be blocking the growth of the native heap
# Possible solutions:
#   Reduce memory load on the system
#   Increase physical memory or swap space
#   Check if swap backing store is full
#   Decrease Java heap size (-Xmx/-Xms)
#   Decrease number of Java threads
#   Decrease Java thread stack sizes (-Xss)
#   Set larger code cache with -XX:ReservedCodeCacheSize=
#   JVM is running with Unscaled Compressed Oops mode in which the Java heap is
#     placed in the first 4GB address space. The Java Heap base address is the
#     maximum limit for the native heap growth. Please use -XX:HeapBaseMinAddress
#     to set the Java Heap base and to place the Java Heap above 4GB virtual address.
# This output file may be truncated or incomplete.
#
#  Out of Memory Error (allocation.cpp:272), pid=2716, tid=0x0000000000002728
#
# JRE version: Java(TM) SE Runtime Environment (8.0_211-b12) (build 1.8.0_211-b12)
# Java VM: Java HotSpot(TM) 64-Bit Server VM (25.211-b12 mixed mode windows-amd64 compressed oops)
# Failed to write core dump. Minidumps are not enabled by default on client versions of Windows
#

---------------  T H R E A D  ---------------

Current thread (0x0000000016730800):  JavaThread "pool-1-thread-1" [_thread_in_vm, id=10024, stack(0x00000000179f0000,0x0000000017af0000)]

Stack: [0x00000000179f0000,0x0000000017af0000]
[error occurred during error reporting (printing stack bounds), id 0xc0000005]

Native frames: (J=compiled Java code, j=interpreted, Vv=VM code, C=native code)

Java frames: (J=compiled Java code, j=interpreted, Vv=VM code)
J 571  java.lang.ClassLoader.defineClass1(Ljava/lang/String;[BIILjava/security/ProtectionDomain;Ljava/lang/String;)Ljava/lang/Class; (0 bytes) @ 0x0000000002dc829f [0x0000000002dc8200+0x9f]
J 500 C1 java.lang.ClassLoader.defineClass(Ljava/lang/String;[BIILjava/security/ProtectionDomain;)Ljava/lang/Class; (43 bytes) @ 0x0000000002d9e064 [0x0000000002d9da80+0x5e4]
J 389 C1 java.net.URLClassLoader.defineClass(Ljava/lang/String;Lsun/misc/Resource;)Ljava/lang/Class; (142 bytes) @ 0x0000000002d59164 [0x0000000002d57600+0x1b64]
J 327 C1 java.net.URLClassLoader$1.run()Ljava/lang/Class; (63 bytes) @ 0x0000000002d230ec [0x0000000002d22e20+0x2cc]
J 326 C1 java.net.URLClassLoader$1.run()Ljava/lang/Object; (5 bytes) @ 0x0000000002d22a8c [0x0000000002d22a00+0x8c]
v  ~StubRoutines::call_stub
J 263  java.security.AccessController.doPrivileged(Ljava/security/PrivilegedExceptionAction;Ljava/security/AccessControlContext;)Ljava/lang/Object; (0 bytes) @ 0x0000000002cff3e6 [0x0000000002cff380+0x66]
J 288 C1 java.net.URLClassLoader.findClass(Ljava/lang/String;)Ljava/lang/Class; (47 bytes) @ 0x0000000002d0fc84 [0x0000000002d0fb00+0x184]
J 122 C1 java.lang.ClassLoader.loadClass(Ljava/lang/String;Z)Ljava/lang/Class; (122 bytes) @ 0x0000000002ca462c [0x0000000002ca3cc0+0x96c]
J 289 C1 java.lang.ClassLoader.loadClass(Ljava/lang/String;)Ljava/lang/Class; (7 bytes) @ 0x0000000002d0ce4c [0x0000000002d0cd40+0x10c]
v  ~StubRoutines::call_stub
j  org.gradle.internal.logging.console.ProgressBar.<init>(Lorg/gradle/internal/nativeintegration/console/ConsoleMetaData;Ljava/lang/String;ILjava/lang/String;CCLjava/lang/String;II)V+5
j  org.gradle.internal.logging.console.BuildStatusRenderer.newProgressBar(Ljava/lang/String;II)Lorg/gradle/internal/logging/console/ProgressBar;+21
j  org.gradle.internal.logging.console.BuildStatusRenderer.phaseStarted(Lorg/gradle/internal/logging/events/ProgressStartEvent;Lorg/gradle/internal/logging/console/BuildStatusRenderer$Phase;)V+33
j  org.gradle.internal.logging.console.BuildStatusRenderer.onOutput(Lorg/gradle/internal/logging/events/OutputEvent;)V+56
j  org.gradle.internal.logging.console.AbstractUserInputRenderer.onOutput(Lorg/gradle/internal/logging/events/OutputEvent;)V+64
j  org.gradle.internal.logging.console.ThrottlingOutputEventListener.renderNow()V+34
j  org.gradle.internal.logging.console.ThrottlingOutputEventListener.onOutput(Lorg/gradle/internal/logging/events/OutputEvent;)V+26
j  org.gradle.internal.logging.console.ThrottlingOutputEventListener$1.run()V+23
j  java.util.concurrent.Executors$RunnableAdapter.call()Ljava/lang/Object;+4
j  java.util.concurrent.FutureTask.runAndReset()Z+47
j  java.util.concurrent.ScheduledThreadPoolExecutor$ScheduledFutureTask.access$301(Ljava/util/concurrent/ScheduledThreadPoolExecutor$ScheduledFutureTask;)Z+1
j  java.util.concurrent.ScheduledThreadPoolExecutor$ScheduledFutureTask.run()V+37
j  java.util.concurrent.ThreadPoolExecutor.runWorker(Ljava/util/concurrent/ThreadPoolExecutor$Worker;)V+95
j  java.util.concurrent.ThreadPoolExecutor$Worker.run()V+5
j  java.lang.Thread.run()V+11
v  ~StubRoutines::call_stub

---------------  P R O C E S S  ---------------

Java Threads: ( => current thread )
  0x00000000152df800 JavaThread "Forward input" [_thread_blocked, id=15108, stack(0x0000000017ef0000,0x0000000017ff0000)]
  0x00000000152df000 JavaThread "DisconnectableInputStream source reader" daemon [_thread_in_native, id=13736, stack(0x0000000017df0000,0x0000000017ef0000)]
=>0x0000000016730800 JavaThread "pool-1-thread-1" [_thread_in_vm, id=10024, stack(0x00000000179f0000,0x0000000017af0000)]
  0x00000000151b5000 JavaThread "Service Thread" daemon [_thread_blocked, id=7612, stack(0x0000000015ce0000,0x0000000015de0000)]
  0x0000000015120000 JavaThread "C1 CompilerThread3" daemon [_thread_blocked, id=15708, stack(0x0000000015be0000,0x0000000015ce0000)]
  0x0000000015113000 JavaThread "C2 CompilerThread2" daemon [_thread_blocked, id=13844, stack(0x0000000015ae0000,0x0000000015be0000)]
  0x0000000015111000 JavaThread "C2 CompilerThread1" daemon [_thread_blocked, id=10348, stack(0x00000000159e0000,0x0000000015ae0000)]
  0x000000001510b800 JavaThread "C2 CompilerThread0" daemon [_thread_blocked, id=14560, stack(0x00000000158e0000,0x00000000159e0000)]
  0x0000000015108800 JavaThread "Attach Listener" daemon [_thread_blocked, id=7604, stack(0x00000000157e0000,0x00000000158e0000)]
  0x0000000015107000 JavaThread "Signal Dispatcher" daemon [_thread_blocked, id=14304, stack(0x00000000156e0000,0x00000000157e0000)]
  0x0000000015100800 JavaThread "Finalizer" daemon [_thread_blocked, id=14180, stack(0x00000000154e0000,0x00000000155e0000)]
  0x0000000002858000 JavaThread "Reference Handler" daemon [_thread_blocked, id=16648, stack(0x0000000014fe0000,0x00000000150e0000)]
  0x0000000002762800 JavaThread "main" [_thread_blocked, id=14640, stack(0x0000000000e90000,0x0000000000f90000)]

Other Threads:
  0x000000001320a000 VMThread [stack: 0x0000000014ee0000,0x0000000014fe0000] [id=1448]
  0x00000000151d9000 WatcherThread [stack: 0x0000000015de0000,0x0000000015ee0000] [id=2744]

VM state:not at safepoint (normal execution)

VM Mutex/Monitor currently owned by a thread: None

heap address: 0x00000000fc000000, size: 64 MB, Compressed Oops mode: 32-bit
Narrow klass base: 0x0000000000000000, Narrow klass shift: 3
Compressed class space size: 1073741824 Address: 0x0000000100000000

Heap:
 PSYoungGen      total 18944K, used 13054K [0x00000000feb00000, 0x0000000100000000, 0x0000000100000000)
  eden space 16384K, 64% used [0x00000000feb00000,0x00000000ff547a58,0x00000000ffb00000)
  from space 2560K, 98% used [0x00000000ffd80000,0x00000000ffff8020,0x0000000100000000)
  to   space 2560K, 0% used [0x00000000ffb00000,0x00000000ffb00000,0x00000000ffd80000)
 ParOldGen       total 44032K, used 1647K [0x00000000fc000000, 0x00000000feb00000, 0x00000000feb00000)
  object space 44032K, 3% used [0x00000000fc000000,0x00000000fc19bc00,0x00000000feb00000)
 Metaspace       used 11122K, capacity 11450K, committed 11648K, reserved 1058816K
  class space    used 1504K, capacity 1626K, committed 1664K, reserved 1048576K

Card table byte_map: [0x0000000002860000,0x0000000002890000] byte_map_base: 0x0000000002080000

Marking Bits: (ParMarkBitMap*) 0x000000005f775ce0
 Begin Bits: [0x0000000012620000, 0x0000000012720000)
 End Bits:   [0x0000000012720000, 0x0000000012820000)

Polling page: 0x0000000000a20000

CodeCache: size=245760Kb used=3326Kb max_used=3338Kb free=242433Kb
 bounds [0x0000000002b60000, 0x0000000002eb0000, 0x0000000011b60000]
 total_blobs=1270 nmethods=900 adapters=283
 compilation: enabled

Compilation events (10 events):
Event: 4.619 Thread 0x0000000015120000 nmethod 895 0x0000000002e9f990 code [0x0000000002e9fb00, 0x0000000002e9fcf0]
Event: 5.219 Thread 0x0000000015120000  896       3       java.util.concurrent.locks.AbstractQueuedSynchronizer::setState (6 bytes)
Event: 5.219 Thread 0x0000000015120000 nmethod 896 0x0000000002e9fdd0 code [0x0000000002e9ff20, 0x0000000002ea0070]
Event: 5.219 Thread 0x0000000015120000  897       1       java.util.Collections$EmptyList::isEmpty (2 bytes)
Event: 5.219 Thread 0x0000000015120000 nmethod 897 0x0000000002ea00d0 code [0x0000000002ea0220, 0x0000000002ea0330]
Event: 5.518 Thread 0x0000000015120000  898       3       java.util.concurrent.locks.AbstractQueuedSynchronizer::release (33 bytes)
Event: 5.518 Thread 0x0000000015120000 nmethod 898 0x0000000002ea0390 code [0x0000000002ea0500, 0x0000000002ea0818]
Event: 5.518 Thread 0x0000000015120000  899       3       java.util.concurrent.locks.AbstractQueuedSynchronizer::compareAndSetState (13 bytes)
Event: 5.518 Thread 0x0000000015120000 nmethod 899 0x0000000002ea0910 code [0x0000000002ea0a60, 0x0000000002ea0bd0]
Event: 5.620 Thread 0x000000001510b800  900       4       java.util.HashMap::get (23 bytes)

GC Heap History (4 events):
Event: 0.569 GC heap before
{Heap before GC invocations=1 (full 0):
 PSYoungGen      total 18944K, used 16384K [0x00000000feb00000, 0x0000000100000000, 0x0000000100000000)
  eden space 16384K, 100% used [0x00000000feb00000,0x00000000ffb00000,0x00000000ffb00000)
  from space 2560K, 0% used [0x00000000ffd80000,0x00000000ffd80000,0x0000000100000000)
  to   space 2560K, 0% used [0x00000000ffb00000,0x00000000ffb00000,0x00000000ffd80000)
 ParOldGen       total 44032K, used 0K [0x00000000fc000000, 0x00000000feb00000, 0x00000000feb00000)
  object space 44032K, 0% used [0x00000000fc000000,0x00000000fc000000,0x00000000feb00000)
 Metaspace       used 5788K, capacity 6032K, committed 6272K, reserved 1056768K
  class space    used 747K, capacity 800K, committed 896K, reserved 1048576K
Event: 0.572 GC heap after
Heap after GC invocations=1 (full 0):
 PSYoungGen      total 18944K, used 2536K [0x00000000feb00000, 0x0000000100000000, 0x0000000100000000)
  eden space 16384K, 0% used [0x00000000feb00000,0x00000000feb00000,0x00000000ffb00000)
  from space 2560K, 99% used [0x00000000ffb00000,0x00000000ffd7a3e0,0x00000000ffd80000)
  to   space 2560K, 0% used [0x00000000ffd80000,0x00000000ffd80000,0x0000000100000000)
 ParOldGen       total 44032K, used 225K [0x00000000fc000000, 0x00000000feb00000, 0x00000000feb00000)
  object space 44032K, 0% used [0x00000000fc000000,0x00000000fc0387f8,0x00000000feb00000)
 Metaspace       used 5788K, capacity 6032K, committed 6272K, reserved 1056768K
  class space    used 747K, capacity 800K, committed 896K, reserved 1048576K
}
Event: 1.176 GC heap before
{Heap before GC invocations=2 (full 0):
 PSYoungGen      total 18944K, used 18920K [0x00000000feb00000, 0x0000000100000000, 0x0000000100000000)
  eden space 16384K, 100% used [0x00000000feb00000,0x00000000ffb00000,0x00000000ffb00000)
  from space 2560K, 99% used [0x00000000ffb00000,0x00000000ffd7a3e0,0x00000000ffd80000)
  to   space 2560K, 0% used [0x00000000ffd80000,0x00000000ffd80000,0x0000000100000000)
 ParOldGen       total 44032K, used 225K [0x00000000fc000000, 0x00000000feb00000, 0x00000000feb00000)
  object space 44032K, 0% used [0x00000000fc000000,0x00000000fc0387f8,0x00000000feb00000)
 Metaspace       used 9269K, capacity 9508K, committed 9600K, reserved 1056768K
  class space    used 1267K, capacity 1359K, committed 1408K, reserved 1048576K
Event: 1.178 GC heap after
Heap after GC invocations=2 (full 0):
 PSYoungGen      total 18944K, used 2528K [0x00000000feb00000, 0x0000000100000000, 0x0000000100000000)
  eden space 16384K, 0% used [0x00000000feb00000,0x00000000feb00000,0x00000000ffb00000)
  from space 2560K, 98% used [0x00000000ffd80000,0x00000000ffff8020,0x0000000100000000)
  to   space 2560K, 0% used [0x00000000ffb00000,0x00000000ffb00000,0x00000000ffd80000)
 ParOldGen       total 44032K, used 1647K [0x00000000fc000000, 0x00000000feb00000, 0x00000000feb00000)
  object space 44032K, 3% used [0x00000000fc000000,0x00000000fc19bc00,0x00000000feb00000)
 Metaspace       used 9269K, capacity 9508K, committed 9600K, reserved 1056768K
  class space    used 1267K, capacity 1359K, committed 1408K, reserved 1048576K
}

Deoptimization events (8 events):
Event: 0.382 Thread 0x0000000002762800 Uncommon trap: reason=unstable_if action=reinterpret pc=0x0000000002cec638 method=java.lang.String.startsWith(Ljava/lang/String;I)Z @ 25
Event: 0.619 Thread 0x0000000002762800 Uncommon trap: reason=unstable_if action=reinterpret pc=0x0000000002d3fba4 method=sun.misc.MetaIndex.mayContain(Ljava/lang/String;)Z @ 38
Event: 1.094 Thread 0x0000000002762800 Uncommon trap: reason=unstable_if action=reinterpret pc=0x0000000002ddd068 method=java.util.HashMap.hash(Ljava/lang/Object;)I @ 1
Event: 1.094 Thread 0x0000000002762800 Uncommon trap: reason=unstable_if action=reinterpret pc=0x0000000002d8a068 method=java.util.HashMap.hash(Ljava/lang/Object;)I @ 1
Event: 1.171 Thread 0x0000000002762800 Uncommon trap: reason=unstable_if action=reinterpret pc=0x0000000002dcb4fc method=java.util.HashMap.getNode(ILjava/lang/Object;)Ljava/util/HashMap$Node; @ 129
Event: 1.171 Thread 0x0000000002762800 Uncommon trap: reason=bimorphic action=maybe_recompile pc=0x0000000002def08c method=java.util.HashMap.putVal(ILjava/lang/Object;Ljava/lang/Object;ZZ)Ljava/lang/Object; @ 203
Event: 1.812 Thread 0x00000000154ad000 Uncommon trap: reason=bimorphic action=maybe_recompile pc=0x0000000002def08c method=java.util.HashMap.putVal(ILjava/lang/Object;Ljava/lang/Object;ZZ)Ljava/lang/Object; @ 203
Event: 1.813 Thread 0x00000000154ad000 Uncommon trap: reason=bimorphic action=maybe_recompile pc=0x0000000002def08c method=java.util.HashMap.putVal(ILjava/lang/Object;Ljava/lang/Object;ZZ)Ljava/lang/Object; @ 203

Classes redefined (0 events):
No events

Internal exceptions (10 events):
Event: 1.097 Thread 0x0000000002762800 Exception <a 'java/lang/ArrayIndexOutOfBoundsException'> (0x00000000ff47fa48) thrown at [C:\re\workspace\8-2-build-windows-amd64-cygwin\jdk8u211\12973\hotspot\src\share\vm\runtime\sharedRuntime.cpp, line 605]
Event: 1.098 Thread 0x0000000002762800 Exception <a 'java/lang/ArrayIndexOutOfBoundsException'> (0x00000000ff483ba8) thrown at [C:\re\workspace\8-2-build-windows-amd64-cygwin\jdk8u211\12973\hotspot\src\share\vm\runtime\sharedRuntime.cpp, line 605]
Event: 1.102 Thread 0x0000000002762800 Exception <a 'java/lang/ArrayIndexOutOfBoundsException'> (0x00000000ff4efba0) thrown at [C:\re\workspace\8-2-build-windows-amd64-cygwin\jdk8u211\12973\hotspot\src\share\vm\runtime\sharedRuntime.cpp, line 605]
Event: 1.102 Thread 0x0000000002762800 Exception <a 'java/lang/ArrayIndexOutOfBoundsException'> (0x00000000ff4f0c70) thrown at [C:\re\workspace\8-2-build-windows-amd64-cygwin\jdk8u211\12973\hotspot\src\share\vm\runtime\sharedRuntime.cpp, line 605]
Event: 1.102 Thread 0x0000000002762800 Exception <a 'java/lang/ArrayIndexOutOfBoundsException'> (0x00000000ff4f1b48) thrown at [C:\re\workspace\8-2-build-windows-amd64-cygwin\jdk8u211\12973\hotspot\src\share\vm\runtime\sharedRuntime.cpp, line 605]
Event: 1.103 Thread 0x0000000002762800 Exception <a 'java/lang/ArrayIndexOutOfBoundsException'> (0x00000000ff4f4380) thrown at [C:\re\workspace\8-2-build-windows-amd64-cygwin\jdk8u211\12973\hotspot\src\share\vm\runtime\sharedRuntime.cpp, line 605]
Event: 1.103 Thread 0x0000000002762800 Exception <a 'java/lang/ArrayIndexOutOfBoundsException'> (0x00000000ff4f7fe8) thrown at [C:\re\workspace\8-2-build-windows-amd64-cygwin\jdk8u211\12973\hotspot\src\share\vm\runtime\sharedRuntime.cpp, line 605]
Event: 1.137 Thread 0x0000000002762800 Exception <a 'java/lang/NoSuchFieldError': method resolution failed> (0x00000000ff796d28) thrown at [C:\re\workspace\8-2-build-windows-amd64-cygwin\jdk8u211\12973\hotspot\src\share\vm\prims\methodHandles.cpp, line 1167]
Event: 1.139 Thread 0x0000000002762800 Exception <a 'java/lang/NoSuchFieldError': method resolution failed> (0x00000000ff7f66a8) thrown at [C:\re\workspace\8-2-build-windows-amd64-cygwin\jdk8u211\12973\hotspot\src\share\vm\prims\methodHandles.cpp, line 1167]
Event: 5.616 Thread 0x0000000002762800 Exception <a 'java/io/IOException'> (0x00000000ff4a5980) thrown at [C:\re\workspace\8-2-build-windows-amd64-cygwin\jdk8u211\12973\hotspot\src\share\vm\prims\jni.cpp, line 710]

Events (10 events):
Event: 5.618 loading class org/gradle/internal/logging/console/BuildStatusRenderer$Phase
Event: 5.618 loading class org/gradle/internal/logging/console/BuildStatusRenderer$Phase done
Event: 5.619 loading class org/slf4j/helpers/FormattingTuple
Event: 5.619 loading class org/slf4j/helpers/FormattingTuple done
Event: 5.619 loading class org/gradle/internal/logging/console/ProgressBar
Event: 5.619 loading class org/gradle/internal/logging/console/ProgressBar done
Event: 5.620 loading class org/gradle/internal/logging/format/TersePrettyDurationFormatter
Event: 5.620 loading class org/gradle/internal/logging/format/TersePrettyDurationFormatter done
Event: 5.621 loading class org/gradle/internal/logging/format/DurationFormatter
Event: 5.621 loading class org/gradle/internal/logging/format/DurationFormatter done


Dynamic libraries:
0x00007ff6fb4c0000 - 0x00007ff6fb4f7000 	C:\Program Files (x86)\Common Files\Oracle\Java\javapath\java.exe
0x00007ffc84ba0000 - 0x00007ffc84d90000 	C:\WINDOWS\SYSTEM32\ntdll.dll
0x00007ffc83040000 - 0x00007ffc830f2000 	C:\WINDOWS\System32\KERNEL32.DLL
0x00007ffc81cd0000 - 0x00007ffc81f73000 	C:\WINDOWS\System32\KERNELBASE.dll
0x00007ffc84ab0000 - 0x00007ffc84b53000 	C:\WINDOWS\System32\ADVAPI32.dll
0x00007ffc82c80000 - 0x00007ffc82d1e000 	C:\WINDOWS\System32\msvcrt.dll
0x00007ffc84a10000 - 0x00007ffc84aa7000 	C:\WINDOWS\System32\sechost.dll
0x00007ffc837d0000 - 0x00007ffc838f0000 	C:\WINDOWS\System32\RPCRT4.dll
0x00007ffc83630000 - 0x00007ffc837c4000 	C:\WINDOWS\System32\USER32.dll
0x00007ffc829f0000 - 0x00007ffc82a11000 	C:\WINDOWS\System32\win32u.dll
0x00007ffc83100000 - 0x00007ffc83126000 	C:\WINDOWS\System32\GDI32.dll
0x00007ffc81f80000 - 0x00007ffc82114000 	C:\WINDOWS\System32\gdi32full.dll
0x00007ffc81b30000 - 0x00007ffc81bce000 	C:\WINDOWS\System32\msvcp_win.dll
0x00007ffc82a20000 - 0x00007ffc82b1a000 	C:\WINDOWS\System32\ucrtbase.dll
0x00007ffc710a0000 - 0x00007ffc71325000 	C:\WINDOWS\WinSxS\amd64_microsoft.windows.common-controls_6595b64144ccf1df_6.0.18362.476_none_e6c4b11b130f2595\COMCTL32.dll
0x00007ffc83c60000 - 0x00007ffc83f96000 	C:\WINDOWS\System32\combase.dll
0x00007ffc82b70000 - 0x00007ffc82bf0000 	C:\WINDOWS\System32\bcryptPrimitives.dll
0x00007ffc82c50000 - 0x00007ffc82c7e000 	C:\WINDOWS\System32\IMM32.DLL
0x000000005f800000 - 0x000000005f8d2000 	C:\Program Files\Java\jre1.8.0_211\bin\msvcr100.dll
0x000000005ef50000 - 0x000000005f7f5000 	C:\Program Files\Java\jre1.8.0_211\bin\server\jvm.dll
0x00007ffc83620000 - 0x00007ffc83628000 	C:\WINDOWS\System32\PSAPI.DLL
0x00007ffc699c0000 - 0x00007ffc699c9000 	C:\WINDOWS\SYSTEM32\WSOCK32.dll
0x00007ffc74920000 - 0x00007ffc74944000 	C:\WINDOWS\SYSTEM32\WINMM.dll
0x00007ffc7d9a0000 - 0x00007ffc7d9aa000 	C:\WINDOWS\SYSTEM32\VERSION.dll
0x00007ffc83950000 - 0x00007ffc839bf000 	C:\WINDOWS\System32\WS2_32.dll
0x00007ffc748f0000 - 0x00007ffc7491d000 	C:\WINDOWS\SYSTEM32\WINMMBASE.dll
0x00007ffc82b20000 - 0x00007ffc82b6a000 	C:\WINDOWS\System32\cfgmgr32.dll
0x00007ffc7de80000 - 0x00007ffc7de8f000 	C:\Program Files\Java\jre1.8.0_211\bin\verify.dll
0x00007ffc626d0000 - 0x00007ffc626f9000 	C:\Program Files\Java\jre1.8.0_211\bin\java.dll
0x00007ffc7dd90000 - 0x00007ffc7dda6000 	C:\Program Files\Java\jre1.8.0_211\bin\zip.dll
0x00007ffc84120000 - 0x00007ffc84805000 	C:\WINDOWS\System32\SHELL32.dll
0x00007ffc83b90000 - 0x00007ffc83c39000 	C:\WINDOWS\System32\shcore.dll
0x00007ffc82270000 - 0x00007ffc829ee000 	C:\WINDOWS\System32\windows.storage.dll
0x00007ffc81ac0000 - 0x00007ffc81adf000 	C:\WINDOWS\System32\profapi.dll
0x00007ffc81ae0000 - 0x00007ffc81b2a000 	C:\WINDOWS\System32\powrprof.dll
0x00007ffc81a70000 - 0x00007ffc81a80000 	C:\WINDOWS\System32\UMPDC.dll
0x00007ffc838f0000 - 0x00007ffc83942000 	C:\WINDOWS\System32\shlwapi.dll
0x00007ffc81a80000 - 0x00007ffc81a91000 	C:\WINDOWS\System32\kernel.appcore.dll
0x00007ffc81bd0000 - 0x00007ffc81be7000 	C:\WINDOWS\System32\cryptsp.dll
0x00007ffc7d220000 - 0x00007ffc7d23a000 	C:\Program Files\Java\jre1.8.0_211\bin\net.dll
0x00007ffc74cd0000 - 0x00007ffc74ea6000 	C:\WINDOWS\SYSTEM32\urlmon.dll
0x00007ffc74a20000 - 0x00007ffc74cc6000 	C:\WINDOWS\SYSTEM32\iertutil.dll
0x00007ffc814b0000 - 0x00007ffc814bc000 	C:\WINDOWS\SYSTEM32\CRYPTBASE.DLL
0x00007ffc812e0000 - 0x00007ffc81347000 	C:\WINDOWS\system32\mswsock.dll
0x00007ffc7ca40000 - 0x00007ffc7ca52000 	C:\Program Files\Java\jre1.8.0_211\bin\nio.dll
0x00007ffc61c10000 - 0x00007ffc61c36000 	C:\Users\wahid\.gradle\native\29\windows-amd64\native-platform.dll
0x00007ffc80e50000 - 0x00007ffc80e83000 	C:\WINDOWS\system32\rsaenh.dll
0x00007ffc81bf0000 - 0x00007ffc81c16000 	C:\WINDOWS\System32\bcrypt.dll
0x00007ffc81990000 - 0x00007ffc819b5000 	C:\WINDOWS\SYSTEM32\USERENV.dll
0x00007ffc80ff0000 - 0x00007ffc8102a000 	C:\WINDOWS\SYSTEM32\IPHLPAPI.DLL
0x00007ffc82ed0000 - 0x00007ffc82ed8000 	C:\WINDOWS\System32\NSI.dll
0x00007ffc7cd80000 - 0x00007ffc7cd96000 	C:\WINDOWS\SYSTEM32\dhcpcsvc6.DLL
0x00007ffc7d300000 - 0x00007ffc7d31c000 	C:\WINDOWS\SYSTEM32\dhcpcsvc.DLL
0x00007ffc81030000 - 0x00007ffc810fa000 	C:\WINDOWS\SYSTEM32\DNSAPI.dll
0x00007ffc7de30000 - 0x00007ffc7de3a000 	C:\Users\wahid\.gradle\native\jansi\1.17.1\windows64\jansi-1.17.1-3484665412204378039.dll
0x00007ffc74670000 - 0x00007ffc7467a000 	C:\Users\wahid\.gradle\native\jansi\1.17.1\windows64\jansi-1.17.1-5131405079061961014.dll
0x00007ffc73a70000 - 0x00007ffc73a7d000 	C:\Program Files\Java\jre1.8.0_211\bin\management.dll

VM Arguments:
jvm_args: -Xmx64m -Xms64m -Dorg.gradle.appname=gradlew 
java_command: org.gradle.wrapper.GradleWrapperMain app:installDebug -PreactNativeDevServerPort=8081
java_class_path (initial): D:\ReactNative\BelajarReactNative\android\\gradle\wrapper\gradle-wrapper.jar
Launcher Type: SUN_STANDARD

Environment Variables:
CLASSPATH=D:\ReactNative\BelajarReactNative\android\\gradle\wrapper\gradle-wrapper.jar
USERNAME=wahid
OS=Windows_NT
PROCESSOR_IDENTIFIER=Intel64 Family 6 Model 142 Stepping 10, GenuineIntel



---------------  S Y S T E M  ---------------

OS: Windows 10.0 , 64 bit Build 18362 (10.0.18362.329)

CPU:total 8 (initial active 8) (4 cores per cpu, 2 threads per core) family 6 model 142 stepping 10, cmov, cx8, fxsr, mmx, sse, sse2, sse3, ssse3, sse4.1, sse4.2, popcnt, avx, avx2, aes, clmul, erms, 3dnowpref, lzcnt, ht, tsc, tscinvbit, bmi1, bmi2, adx

Memory: 4k page, physical 12464356k(2416684k free), swap 14939364k(163336k free)

vm_info: Java HotSpot(TM) 64-Bit Server VM (25.211-b12) for windows-amd64 JRE (1.8.0_211-b12), built on Apr  1 2019 20:53:26 by "java_re" with MS VC++ 10.0 (VS2010)

time: Sun Dec 08 19:26:16 2019
timezone: SE Asia Standard Time
elapsed time: 5 seconds (0d 0h 0m 5s)

