#
# There is insufficient memory for the Java Runtime Environment to continue.
# Native memory allocation (malloc) failed to allocate 32744 bytes for ChunkPool::allocate
# Possible reasons:
#   The system is out of physical RAM or swap space
#   The process is running with CompressedOops enabled, and the Java Heap may be blocking the growth of the native heap
# Possible solutions:
#   Reduce memory load on the system
#   Increase physical memory or swap space
#   Check if swap backing store is full
#   Decrease Java heap size (-Xmx/-Xms)
#   Decrease number of Java threads
#   Decrease Java thread stack sizes (-Xss)
#   Set larger code cache with -XX:ReservedCodeCacheSize=
#   JVM is running with Unscaled Compressed Oops mode in which the Java heap is
#     placed in the first 4GB address space. The Java Heap base address is the
#     maximum limit for the native heap growth. Please use -XX:HeapBaseMinAddress
#     to set the Java Heap base and to place the Java Heap above 4GB virtual address.
# This output file may be truncated or incomplete.
#
#  Out of Memory Error (allocation.cpp:272), pid=19216, tid=0x0000000000003ea0
#
# JRE version: Java(TM) SE Runtime Environment (8.0_211-b12) (build 1.8.0_211-b12)
# Java VM: Java HotSpot(TM) 64-Bit Server VM (25.211-b12 mixed mode windows-amd64 compressed oops)
# Failed to write core dump. Minidumps are not enabled by default on client versions of Windows
#

---------------  T H R E A D  ---------------

Current thread (0x0000000016972000):  JavaThread "C2 CompilerThread1" daemon [_thread_in_native, id=16032, stack(0x0000000017250000,0x0000000017350000)]

Stack: [0x0000000017250000,0x0000000017350000]
[error occurred during error reporting (printing stack bounds), id 0xc0000005]

Native frames: (J=compiled Java code, j=interpreted, Vv=VM code, C=native code)


Current CompileTask:
C2:   3739 1535       4       java.io.DataOutputStream::writeShort (35 bytes)


---------------  P R O C E S S  ---------------

Java Threads: ( => current thread )
  0x0000000018fca000 JavaThread "Cache worker for file hash cache (D:\ReactNative\BelajarReactNative\android\.gradle\5.5\fileHashes)" [_thread_blocked, id=992, stack(0x000000001d800000,0x000000001d900000)]
  0x0000000018fc8800 JavaThread "Cache worker for journal cache (C:\Users\wahid\.gradle\caches\journal-1)" [_thread_blocked, id=8808, stack(0x000000001b560000,0x000000001b660000)]
  0x0000000018fcf000 JavaThread "File lock request listener" [_thread_in_native, id=3324, stack(0x000000001b460000,0x000000001b560000)]
  0x0000000018fc9000 JavaThread "Cache worker for file hash cache (C:\Users\wahid\.gradle\caches\5.5\fileHashes)" [_thread_blocked, id=5496, stack(0x000000001b360000,0x000000001b460000)]
  0x0000000018f3b800 JavaThread "Thread-9" [_thread_blocked, id=1372, stack(0x000000001a090000,0x000000001a190000)]
  0x0000000018f38000 JavaThread "Stdin handler" [_thread_blocked, id=4348, stack(0x0000000019f90000,0x000000001a090000)]
  0x0000000018f36800 JavaThread "Asynchronous log dispatcher for DefaultDaemonConnection: socket connection from /127.0.0.1:49174 to /127.0.0.1:49175" [_thread_blocked, id=15356, stack(0x0000000019d90000,0x0000000019e90000)]
  0x0000000018f32800 JavaThread "Daemon worker" [_thread_in_native, id=19268, stack(0x0000000019c90000,0x0000000019d90000)]
  0x0000000018f1d000 JavaThread "Cancel handler" [_thread_blocked, id=7708, stack(0x0000000019b90000,0x0000000019c90000)]
  0x0000000018f13800 JavaThread "Handler for socket connection from /127.0.0.1:49174 to /127.0.0.1:49175" [_thread_in_native, id=12656, stack(0x0000000019a90000,0x0000000019b90000)]
  0x0000000018e01000 JavaThread "Daemon" [_thread_blocked, id=14980, stack(0x0000000019990000,0x0000000019a90000)]
  0x0000000018deb800 JavaThread "Daemon periodic checks" [_thread_blocked, id=4828, stack(0x0000000019890000,0x0000000019990000)]
  0x0000000018a3b000 JavaThread "Incoming local TCP Connector on port 49174" [_thread_in_native, id=1884, stack(0x0000000019650000,0x0000000019750000)]
  0x00000000188ee800 JavaThread "Daemon health stats" [_thread_blocked, id=16860, stack(0x0000000017750000,0x0000000017850000)]
  0x0000000016a12000 JavaThread "Service Thread" daemon [_thread_blocked, id=14008, stack(0x0000000017550000,0x0000000017650000)]
  0x0000000016983800 JavaThread "C1 CompilerThread3" daemon [_thread_in_native, id=13124, stack(0x0000000017450000,0x0000000017550000)]
  0x0000000016974000 JavaThread "C2 CompilerThread2" daemon [_thread_in_native, id=5076, stack(0x0000000017350000,0x0000000017450000)]
=>0x0000000016972000 JavaThread "C2 CompilerThread1" daemon [_thread_in_native, id=16032, stack(0x0000000017250000,0x0000000017350000)]
  0x000000001696c000 JavaThread "C2 CompilerThread0" daemon [_thread_in_native, id=3488, stack(0x0000000017150000,0x0000000017250000)]
  0x0000000016969000 JavaThread "Attach Listener" daemon [_thread_blocked, id=8720, stack(0x0000000017050000,0x0000000017150000)]
  0x0000000016968000 JavaThread "Signal Dispatcher" daemon [_thread_blocked, id=4640, stack(0x0000000016f50000,0x0000000017050000)]
  0x0000000016960800 JavaThread "Finalizer" daemon [_thread_blocked, id=11956, stack(0x0000000016d40000,0x0000000016e40000)]
  0x0000000014a6d000 JavaThread "Reference Handler" daemon [_thread_blocked, id=10824, stack(0x0000000016840000,0x0000000016940000)]
  0x00000000031a2800 JavaThread "main" [_thread_blocked, id=5556, stack(0x00000000030a0000,0x00000000031a0000)]

Other Threads:
  0x0000000014a69000 VMThread [stack: 0x0000000016740000,0x0000000016840000] [id=2936]
  0x0000000016a14800 WatcherThread [stack: 0x0000000017650000,0x0000000017750000] [id=8848]

VM state:not at safepoint (normal execution)

VM Mutex/Monitor currently owned by a thread: None

heap address: 0x00000000e0000000, size: 512 MB, Compressed Oops mode: 32-bit
Narrow klass base: 0x0000000000000000, Narrow klass shift: 3
Compressed class space size: 1073741824 Address: 0x0000000100000000

Heap:
 PSYoungGen      total 76288K, used 41034K [0x00000000f5580000, 0x00000000faa80000, 0x0000000100000000)
  eden space 65536K, 47% used [0x00000000f5580000,0x00000000f73f41a0,0x00000000f9580000)
  from space 10752K, 91% used [0x00000000fa000000,0x00000000fa99e8d8,0x00000000faa80000)
  to   space 10752K, 0% used [0x00000000f9580000,0x00000000f9580000,0x00000000fa000000)
 ParOldGen       total 175104K, used 24K [0x00000000e0000000, 0x00000000eab00000, 0x00000000f5580000)
  object space 175104K, 0% used [0x00000000e0000000,0x00000000e0006000,0x00000000eab00000)
 Metaspace       used 17951K, capacity 18314K, committed 18688K, reserved 1064960K
  class space    used 2619K, capacity 2747K, committed 2816K, reserved 1048576K

Card table byte_map: [0x0000000012660000,0x0000000012770000] byte_map_base: 0x0000000011f60000

Marking Bits: (ParMarkBitMap*) 0x000000005f775ce0
 Begin Bits: [0x0000000012f70000, 0x0000000013770000)
 End Bits:   [0x0000000013770000, 0x0000000013f70000)

Polling page: 0x0000000001340000

CodeCache: size=245760Kb used=5314Kb max_used=5314Kb free=240445Kb
 bounds [0x00000000032a0000, 0x00000000037e0000, 0x00000000122a0000]
 total_blobs=1941 nmethods=1532 adapters=321
 compilation: enabled

Compilation events (10 events):
Event: 3.713 Thread 0x0000000016983800 1531       3       org.gradle.internal.service.DefaultServiceRegistry::isSatisfiedBy (44 bytes)
Event: 3.714 Thread 0x0000000016983800 nmethod 1531 0x00000000037cd490 code [0x00000000037cd640, 0x00000000037cdd88]
Event: 3.714 Thread 0x0000000016983800 1532       3       java.util.concurrent.locks.ReentrantLock::unlock (10 bytes)
Event: 3.714 Thread 0x0000000016983800 nmethod 1532 0x00000000037ccdd0 code [0x00000000037ccf60, 0x00000000037cd358]
Event: 3.730 Thread 0x0000000016983800 1533       3       java.util.concurrent.locks.ReentrantLock$Sync::<init> (5 bytes)
Event: 3.731 Thread 0x0000000016983800 nmethod 1533 0x00000000037cc8d0 code [0x00000000037cca40, 0x00000000037cccb0]
Event: 3.731 Thread 0x0000000016983800 1534       3       sun.misc.ProxyGenerator$ConstantPool::getFieldRef (33 bytes)
Event: 3.731 Thread 0x0000000016972000 1535       4       java.io.DataOutputStream::writeShort (35 bytes)
Event: 3.732 Thread 0x0000000016983800 nmethod 1534 0x00000000037cad90 code [0x00000000037cb020, 0x00000000037cbdc8]
Event: 3.737 Thread 0x0000000016983800 1537       3       java.lang.Enum::<init> (15 bytes)

GC Heap History (4 events):
Event: 1.009 GC heap before
{Heap before GC invocations=1 (full 0):
 PSYoungGen      total 76288K, used 65536K [0x00000000f5580000, 0x00000000faa80000, 0x0000000100000000)
  eden space 65536K, 100% used [0x00000000f5580000,0x00000000f9580000,0x00000000f9580000)
  from space 10752K, 0% used [0x00000000fa000000,0x00000000fa000000,0x00000000faa80000)
  to   space 10752K, 0% used [0x00000000f9580000,0x00000000f9580000,0x00000000fa000000)
 ParOldGen       total 175104K, used 0K [0x00000000e0000000, 0x00000000eab00000, 0x00000000f5580000)
  object space 175104K, 0% used [0x00000000e0000000,0x00000000e0000000,0x00000000eab00000)
 Metaspace       used 7426K, capacity 7690K, committed 7808K, reserved 1056768K
  class space    used 997K, capacity 1077K, committed 1152K, reserved 1048576K
Event: 1.015 GC heap after
Heap after GC invocations=1 (full 0):
 PSYoungGen      total 76288K, used 6315K [0x00000000f5580000, 0x00000000faa80000, 0x0000000100000000)
  eden space 65536K, 0% used [0x00000000f5580000,0x00000000f5580000,0x00000000f9580000)
  from space 10752K, 58% used [0x00000000f9580000,0x00000000f9baaf60,0x00000000fa000000)
  to   space 10752K, 0% used [0x00000000fa000000,0x00000000fa000000,0x00000000faa80000)
 ParOldGen       total 175104K, used 16K [0x00000000e0000000, 0x00000000eab00000, 0x00000000f5580000)
  object space 175104K, 0% used [0x00000000e0000000,0x00000000e0004000,0x00000000eab00000)
 Metaspace       used 7426K, capacity 7690K, committed 7808K, reserved 1056768K
  class space    used 997K, capacity 1077K, committed 1152K, reserved 1048576K
}
Event: 3.202 GC heap before
{Heap before GC invocations=2 (full 0):
 PSYoungGen      total 76288K, used 71851K [0x00000000f5580000, 0x00000000faa80000, 0x0000000100000000)
  eden space 65536K, 100% used [0x00000000f5580000,0x00000000f9580000,0x00000000f9580000)
  from space 10752K, 58% used [0x00000000f9580000,0x00000000f9baaf60,0x00000000fa000000)
  to   space 10752K, 0% used [0x00000000fa000000,0x00000000fa000000,0x00000000faa80000)
 ParOldGen       total 175104K, used 16K [0x00000000e0000000, 0x00000000eab00000, 0x00000000f5580000)
  object space 175104K, 0% used [0x00000000e0000000,0x00000000e0004000,0x00000000eab00000)
 Metaspace       used 14805K, capacity 15208K, committed 15488K, reserved 1062912K
  class space    used 2182K, capacity 2330K, committed 2432K, reserved 1048576K
Event: 3.212 GC heap after
Heap after GC invocations=2 (full 0):
 PSYoungGen      total 76288K, used 9850K [0x00000000f5580000, 0x00000000faa80000, 0x0000000100000000)
  eden space 65536K, 0% used [0x00000000f5580000,0x00000000f5580000,0x00000000f9580000)
  from space 10752K, 91% used [0x00000000fa000000,0x00000000fa99e8d8,0x00000000faa80000)
  to   space 10752K, 0% used [0x00000000f9580000,0x00000000f9580000,0x00000000fa000000)
 ParOldGen       total 175104K, used 24K [0x00000000e0000000, 0x00000000eab00000, 0x00000000f5580000)
  object space 175104K, 0% used [0x00000000e0000000,0x00000000e0006000,0x00000000eab00000)
 Metaspace       used 14805K, capacity 15208K, committed 15488K, reserved 1062912K
  class space    used 2182K, capacity 2330K, committed 2432K, reserved 1048576K
}

Deoptimization events (10 events):
Event: 2.583 Thread 0x0000000018f32800 Uncommon trap: reason=bimorphic action=maybe_recompile pc=0x0000000003523b68 method=java.util.HashMap.putVal(ILjava/lang/Object;Ljava/lang/Object;ZZ)Ljava/lang/Object; @ 253
Event: 2.583 Thread 0x0000000018f32800 Uncommon trap: reason=bimorphic action=maybe_recompile pc=0x0000000003523b68 method=java.util.HashMap.putVal(ILjava/lang/Object;Ljava/lang/Object;ZZ)Ljava/lang/Object; @ 253
Event: 2.798 Thread 0x0000000018f32800 Uncommon trap: reason=class_check action=maybe_recompile pc=0x000000000356de98 method=java.util.regex.Matcher.match(II)Z @ 86
Event: 2.817 Thread 0x0000000018f32800 Uncommon trap: reason=class_check action=maybe_recompile pc=0x000000000356de98 method=java.util.regex.Matcher.match(II)Z @ 86
Event: 2.818 Thread 0x0000000018f32800 Uncommon trap: reason=class_check action=maybe_recompile pc=0x000000000356de98 method=java.util.regex.Matcher.match(II)Z @ 86
Event: 2.819 Thread 0x0000000018f32800 Uncommon trap: reason=class_check action=maybe_recompile pc=0x0000000003533a1c method=java.util.regex.Matcher.match(II)Z @ 86
Event: 3.175 Thread 0x0000000018f32800 Uncommon trap: reason=unstable_if action=reinterpret pc=0x000000000366e174 method=java.lang.String.lastIndexOf([CII[CIII)I @ 66
Event: 3.590 Thread 0x0000000018f32800 Uncommon trap: reason=unstable_if action=reinterpret pc=0x000000000340c688 method=java.net.URI.match(CJJ)Z @ 19
Event: 3.590 Thread 0x0000000018f32800 Uncommon trap: reason=unstable_if action=reinterpret pc=0x0000000003501580 method=java.net.URI.match(CJJ)Z @ 19
Event: 3.732 Thread 0x0000000018f32800 Uncommon trap: reason=unstable_if action=reinterpret pc=0x000000000356c698 method=java.io.File.getName()Ljava/lang/String; @ 16

Classes redefined (0 events):
No events

Internal exceptions (10 events):
Event: 0.458 Thread 0x00000000031a2800 Exception <a 'java/lang/ArrayIndexOutOfBoundsException'> (0x00000000f66c0f88) thrown at [C:\re\workspace\8-2-build-windows-amd64-cygwin\jdk8u211\12973\hotspot\src\share\vm\runtime\sharedRuntime.cpp, line 605]
Event: 0.458 Thread 0x00000000031a2800 Exception <a 'java/lang/ArrayIndexOutOfBoundsException'> (0x00000000f66cd850) thrown at [C:\re\workspace\8-2-build-windows-amd64-cygwin\jdk8u211\12973\hotspot\src\share\vm\runtime\sharedRuntime.cpp, line 605]
Event: 0.458 Thread 0x00000000031a2800 Exception <a 'java/lang/ArrayIndexOutOfBoundsException'> (0x00000000f66cfa88) thrown at [C:\re\workspace\8-2-build-windows-amd64-cygwin\jdk8u211\12973\hotspot\src\share\vm\runtime\sharedRuntime.cpp, line 605]
Event: 0.459 Thread 0x00000000031a2800 Exception <a 'java/lang/ArrayIndexOutOfBoundsException'> (0x00000000f66dc7b8) thrown at [C:\re\workspace\8-2-build-windows-amd64-cygwin\jdk8u211\12973\hotspot\src\share\vm\runtime\sharedRuntime.cpp, line 605]
Event: 0.459 Thread 0x00000000031a2800 Exception <a 'java/lang/ArrayIndexOutOfBoundsException'> (0x00000000f66e85e0) thrown at [C:\re\workspace\8-2-build-windows-amd64-cygwin\jdk8u211\12973\hotspot\src\share\vm\runtime\sharedRuntime.cpp, line 605]
Event: 0.459 Thread 0x00000000031a2800 Exception <a 'java/lang/ArrayIndexOutOfBoundsException'> (0x00000000f66f35a0) thrown at [C:\re\workspace\8-2-build-windows-amd64-cygwin\jdk8u211\12973\hotspot\src\share\vm\runtime\sharedRuntime.cpp, line 605]
Event: 0.460 Thread 0x00000000031a2800 Exception <a 'java/lang/ArrayIndexOutOfBoundsException'> (0x00000000f66f5d40) thrown at [C:\re\workspace\8-2-build-windows-amd64-cygwin\jdk8u211\12973\hotspot\src\share\vm\runtime\sharedRuntime.cpp, line 605]
Event: 1.132 Thread 0x00000000031a2800 Exception <a 'java/lang/NoSuchFieldError': method resolution failed> (0x00000000f5d2cf80) thrown at [C:\re\workspace\8-2-build-windows-amd64-cygwin\jdk8u211\12973\hotspot\src\share\vm\prims\methodHandles.cpp, line 1167]
Event: 1.134 Thread 0x00000000031a2800 Exception <a 'java/lang/NoSuchFieldError': method resolution failed> (0x00000000f5d3ad60) thrown at [C:\re\workspace\8-2-build-windows-amd64-cygwin\jdk8u211\12973\hotspot\src\share\vm\prims\methodHandles.cpp, line 1167]
Event: 2.500 Thread 0x00000000031a2800 Exception <a 'java/io/IOException'> (0x00000000f653d638) thrown at [C:\re\workspace\8-2-build-windows-amd64-cygwin\jdk8u211\12973\hotspot\src\share\vm\prims\jni.cpp, line 710]

Events (10 events):
Event: 3.735 loading class org/gradle/internal/operations/DefaultBuildOperationExecutor$CallableBuildOperationWorker
Event: 3.735 loading class org/gradle/internal/operations/DefaultBuildOperationExecutor$CallableBuildOperationWorker done
Event: 3.736 loading class org/gradle/internal/operations/BuildOperationDescriptor
Event: 3.736 loading class org/gradle/internal/operations/BuildOperationDescriptor done
Event: 3.736 loading class org/gradle/internal/operations/BuildOperationDescriptor$Builder
Event: 3.736 loading class org/gradle/internal/operations/BuildOperationDescriptor$Builder done
Event: 3.737 loading class org/gradle/internal/operations/BuildOperationCategory
Event: 3.737 loading class org/gradle/internal/operations/BuildOperationCategory done
Event: 3.737 loading class org/gradle/internal/operations/DefaultBuildOperationExecutor$1
Event: 3.737 loading class org/gradle/internal/operations/DefaultBuildOperationExecutor$1 done


Dynamic libraries:
0x00007ff6e1380000 - 0x00007ff6e13b7000 	C:\Program Files\Java\jre1.8.0_211\bin\java.exe
0x00007ffc84ba0000 - 0x00007ffc84d90000 	C:\WINDOWS\SYSTEM32\ntdll.dll
0x00007ffc83040000 - 0x00007ffc830f2000 	C:\WINDOWS\System32\KERNEL32.DLL
0x00007ffc81cd0000 - 0x00007ffc81f73000 	C:\WINDOWS\System32\KERNELBASE.dll
0x00007ffc84ab0000 - 0x00007ffc84b53000 	C:\WINDOWS\System32\ADVAPI32.dll
0x00007ffc82c80000 - 0x00007ffc82d1e000 	C:\WINDOWS\System32\msvcrt.dll
0x00007ffc84a10000 - 0x00007ffc84aa7000 	C:\WINDOWS\System32\sechost.dll
0x00007ffc837d0000 - 0x00007ffc838f0000 	C:\WINDOWS\System32\RPCRT4.dll
0x00007ffc83630000 - 0x00007ffc837c4000 	C:\WINDOWS\System32\USER32.dll
0x00007ffc829f0000 - 0x00007ffc82a11000 	C:\WINDOWS\System32\win32u.dll
0x00007ffc83100000 - 0x00007ffc83126000 	C:\WINDOWS\System32\GDI32.dll
0x00007ffc81f80000 - 0x00007ffc82114000 	C:\WINDOWS\System32\gdi32full.dll
0x00007ffc81b30000 - 0x00007ffc81bce000 	C:\WINDOWS\System32\msvcp_win.dll
0x00007ffc82a20000 - 0x00007ffc82b1a000 	C:\WINDOWS\System32\ucrtbase.dll
0x00007ffc710a0000 - 0x00007ffc71325000 	C:\WINDOWS\WinSxS\amd64_microsoft.windows.common-controls_6595b64144ccf1df_6.0.18362.476_none_e6c4b11b130f2595\COMCTL32.dll
0x00007ffc83c60000 - 0x00007ffc83f96000 	C:\WINDOWS\System32\combase.dll
0x00007ffc82b70000 - 0x00007ffc82bf0000 	C:\WINDOWS\System32\bcryptPrimitives.dll
0x00007ffc82c50000 - 0x00007ffc82c7e000 	C:\WINDOWS\System32\IMM32.DLL
0x000000005f800000 - 0x000000005f8d2000 	C:\Program Files\Java\jre1.8.0_211\bin\msvcr100.dll
0x000000005ef50000 - 0x000000005f7f5000 	C:\Program Files\Java\jre1.8.0_211\bin\server\jvm.dll
0x00007ffc83620000 - 0x00007ffc83628000 	C:\WINDOWS\System32\PSAPI.DLL
0x00007ffc74920000 - 0x00007ffc74944000 	C:\WINDOWS\SYSTEM32\WINMM.dll
0x00007ffc699c0000 - 0x00007ffc699c9000 	C:\WINDOWS\SYSTEM32\WSOCK32.dll
0x00007ffc7d9a0000 - 0x00007ffc7d9aa000 	C:\WINDOWS\SYSTEM32\VERSION.dll
0x00007ffc83950000 - 0x00007ffc839bf000 	C:\WINDOWS\System32\WS2_32.dll
0x00007ffc748f0000 - 0x00007ffc7491d000 	C:\WINDOWS\SYSTEM32\WINMMBASE.dll
0x00007ffc82b20000 - 0x00007ffc82b6a000 	C:\WINDOWS\System32\cfgmgr32.dll
0x00007ffc7de80000 - 0x00007ffc7de8f000 	C:\Program Files\Java\jre1.8.0_211\bin\verify.dll
0x00007ffc626d0000 - 0x00007ffc626f9000 	C:\Program Files\Java\jre1.8.0_211\bin\java.dll
0x00007ffc7dd90000 - 0x00007ffc7dda6000 	C:\Program Files\Java\jre1.8.0_211\bin\zip.dll
0x00007ffc84120000 - 0x00007ffc84805000 	C:\WINDOWS\System32\SHELL32.dll
0x00007ffc83b90000 - 0x00007ffc83c39000 	C:\WINDOWS\System32\shcore.dll
0x00007ffc82270000 - 0x00007ffc829ee000 	C:\WINDOWS\System32\windows.storage.dll
0x00007ffc81ac0000 - 0x00007ffc81adf000 	C:\WINDOWS\System32\profapi.dll
0x00007ffc81ae0000 - 0x00007ffc81b2a000 	C:\WINDOWS\System32\powrprof.dll
0x00007ffc81a70000 - 0x00007ffc81a80000 	C:\WINDOWS\System32\UMPDC.dll
0x00007ffc838f0000 - 0x00007ffc83942000 	C:\WINDOWS\System32\shlwapi.dll
0x00007ffc81a80000 - 0x00007ffc81a91000 	C:\WINDOWS\System32\kernel.appcore.dll
0x00007ffc81bd0000 - 0x00007ffc81be7000 	C:\WINDOWS\System32\cryptsp.dll
0x00007ffc7d220000 - 0x00007ffc7d23a000 	C:\Program Files\Java\jre1.8.0_211\bin\net.dll
0x00007ffc74cd0000 - 0x00007ffc74ea6000 	C:\WINDOWS\SYSTEM32\urlmon.dll
0x00007ffc74a20000 - 0x00007ffc74cc6000 	C:\WINDOWS\SYSTEM32\iertutil.dll
0x00007ffc814b0000 - 0x00007ffc814bc000 	C:\WINDOWS\SYSTEM32\CRYPTBASE.DLL
0x00007ffc812e0000 - 0x00007ffc81347000 	C:\WINDOWS\system32\mswsock.dll
0x00007ffc7ca40000 - 0x00007ffc7ca52000 	C:\Program Files\Java\jre1.8.0_211\bin\nio.dll
0x00007ffc61c10000 - 0x00007ffc61c36000 	C:\Users\wahid\.gradle\native\29\windows-amd64\native-platform.dll
0x00007ffc73a70000 - 0x00007ffc73a7d000 	C:\Program Files\Java\jre1.8.0_211\bin\management.dll
0x00007ffc80e50000 - 0x00007ffc80e83000 	C:\WINDOWS\system32\rsaenh.dll
0x00007ffc81bf0000 - 0x00007ffc81c16000 	C:\WINDOWS\System32\bcrypt.dll
0x00007ffc81990000 - 0x00007ffc819b5000 	C:\WINDOWS\SYSTEM32\USERENV.dll
0x00007ffc80ff0000 - 0x00007ffc8102a000 	C:\WINDOWS\SYSTEM32\IPHLPAPI.DLL
0x00007ffc82ed0000 - 0x00007ffc82ed8000 	C:\WINDOWS\System32\NSI.dll
0x00007ffc7cd80000 - 0x00007ffc7cd96000 	C:\WINDOWS\SYSTEM32\dhcpcsvc6.DLL
0x00007ffc7d300000 - 0x00007ffc7d31c000 	C:\WINDOWS\SYSTEM32\dhcpcsvc.DLL
0x00007ffc81030000 - 0x00007ffc810fa000 	C:\WINDOWS\SYSTEM32\DNSAPI.dll

VM Arguments:
jvm_args: -XX:MaxMetaspaceSize=256m -XX:+HeapDumpOnOutOfMemoryError -Xms256m -Xmx512m -Dfile.encoding=windows-1252 -Duser.country=US -Duser.language=en -Duser.variant 
java_command: org.gradle.launcher.daemon.bootstrap.GradleDaemon 5.5
java_class_path (initial): C:\Users\wahid\.gradle\wrapper\dists\gradle-5.5-all\byeise1led9a3w3p149d02kfj\gradle-5.5\lib\gradle-launcher-5.5.jar
Launcher Type: SUN_STANDARD

Environment Variables:
CLASSPATH=D:\ReactNative\BelajarReactNative\android\\gradle\wrapper\gradle-wrapper.jar
USERNAME=wahid
OS=Windows_NT
PROCESSOR_IDENTIFIER=Intel64 Family 6 Model 142 Stepping 10, GenuineIntel



---------------  S Y S T E M  ---------------

OS: Windows 10.0 , 64 bit Build 18362 (10.0.18362.329)

CPU:total 8 (initial active 8) (4 cores per cpu, 2 threads per core) family 6 model 142 stepping 10, cmov, cx8, fxsr, mmx, sse, sse2, sse3, ssse3, sse4.1, sse4.2, popcnt, avx, avx2, aes, clmul, erms, 3dnowpref, lzcnt, ht, tsc, tscinvbit, bmi1, bmi2, adx

Memory: 4k page, physical 12464356k(2317124k free), swap 14939364k(948k free)

vm_info: Java HotSpot(TM) 64-Bit Server VM (25.211-b12) for windows-amd64 JRE (1.8.0_211-b12), built on Apr  1 2019 20:53:26 by "java_re" with MS VC++ 10.0 (VS2010)

time: Sun Dec 08 19:26:16 2019
timezone: SE Asia Standard Time
elapsed time: 3 seconds (0d 0h 0m 3s)

